<?xml version="1.0" encoding="UTF-8" ?>
<testsuite tests="2" failures="2" name="BDBG4.JavaImplementationDBSG.QueryResultTest" time="0.002" errors="0" skipped="0">
  <properties>
[...]
</properties>
  <testcase classname="BDBG4.JavaImplementationDBSG.QueryResultTest" name="BDBG4.JavaImplementationDBSG.QueryResultTest.testQueryResultCompound" time="0.001">
    <failure type="java.lang.NullPointerException">java.lang.NullPointerException
	at BDBG4.JavaImplementationDBSG.QueryTemplate.ComputeQuery(QueryTemplate.java:28)
	at BDBG4.JavaImplementationDBSG.QueryTemplate.ControlTime(QueryTemplate.java:20)
	at BDBG4.JavaImplementationDBSG.QueryResultTest.testQueryResultCompound(QueryResultTest.java:25)
</failure>
  </testcase>
  <testcase classname="BDBG4.JavaImplementationDBSG.QueryResultTest" name="BDBG4.JavaImplementationDBSG.QueryResultTest.testQueryResultStructures" time="0.001">
    <failure type="java.lang.NullPointerException">java.lang.NullPointerException
	at BDBG4.JavaImplementationDBSG.QueryTemplate.ComputeQuery(QueryTemplate.java:28)
	at BDBG4.JavaImplementationDBSG.QueryTemplate.ControlTime(QueryTemplate.java:20)
	at BDBG4.JavaImplementationDBSG.QueryResultTest.testQueryResultStructures(QueryResultTest.java:33)
</failure>
  </testcase>
</testsuite>